<?xml version="1.0" encoding="UTF-8"?>
<!-- Generated by org.testng.reporters.JUnitReportReporter -->
<testsuite name="org.Test.Amazon" tests="1" time="30.493" ignored="0" failures="0" timestamp="12 Jun 2022 08:43:21 GMT" skipped="0" hostname="Lenovo" errors="0">
  <testcase name="Test" time="30.493" classname="org.Test.Amazon"/>
</testsuite> <!-- org.Test.Amazon -->
