<?xml version="1.0" encoding="UTF-8"?>
<!-- Generated by org.testng.reporters.JUnitReportReporter -->
<testsuite name="org.testing.Sample" tests="1" time="74.379" ignored="0" failures="0" timestamp="08 Jun 2022 05:28:10 GMT" skipped="0" hostname="Lenovo" errors="0">
  <testcase name="Test1" time="74.379" classname="org.testing.Sample"/>
</testsuite> <!-- org.testing.Sample -->
